<?xml version="1.0" encoding="UTF-8"?>
<!-- Generated by org.testng.reporters.JUnitReportReporter -->
<testsuite hostname="Anish" failures="0" tests="1" name="TestNG.openGoogle" time="2.926" errors="0" timestamp="2024-10-05T05:36:50 IST" skipped="0">
  <testcase classname="TestNG.openGoogle" name="openGoogle" time="2.926"/>
  <system-out/>
</testsuite> <!-- TestNG.openGoogle -->
