<?xml version="1.0" encoding="UTF-8"?>
<!-- Generated by org.testng.reporters.JUnitReportReporter -->
<testsuite hostname="Anish" failures="0" tests="4" name="TestNG.Assertion" time="0.024" errors="0" timestamp="2024-10-05T05:36:50 IST" skipped="0">
  <testcase classname="TestNG.Assertion" name="testFalseCondition" time="0.007"/>
  <system-out/>
  <testcase classname="TestNG.Assertion" name="testEqualValues" time="0.011"/>
  <system-out/>
  <testcase classname="TestNG.Assertion" name="testTrueCondition" time="0.003"/>
  <system-out/>
  <testcase classname="TestNG.Assertion" name="testNonEqualValues" time="0.003"/>
  <system-out/>
</testsuite> <!-- TestNG.Assertion -->
