<?xml version="1.0" encoding="UTF-8"?>
<!-- Generated by org.testng.reporters.JUnitReportReporter -->
<testsuite hostname="Anish" failures="0" tests="2" name="TestNG.Testsuite" time="15.638" errors="0" timestamp="2024-10-05T05:36:50 IST" skipped="0">
  <testcase classname="TestNG.Testsuite" name="openGoogle" time="6.921"/>
  <system-out/>
  <testcase classname="TestNG.Testsuite" name="openYouTube" time="8.717"/>
  <system-out/>
</testsuite> <!-- TestNG.Testsuite -->
