<?xml version="1.0" encoding="UTF-8"?>
<!-- Generated by org.testng.reporters.JUnitReportReporter -->
<testsuite hostname="Anish" failures="0" tests="3" name="TestNG.Priority" time="0.007" errors="0" timestamp="2024-10-05T05:36:50 IST" skipped="0">
  <testcase classname="TestNG.Priority" name="Login" time="0.003"/>
  <system-out/>
  <testcase classname="TestNG.Priority" name="Search" time="0.002"/>
  <system-out/>
  <testcase classname="TestNG.Priority" name="Logout" time="0.002"/>
  <system-out/>
</testsuite> <!-- TestNG.Priority -->
