<?xml version="1.0" encoding="UTF-8"?>
<!-- Generated by org.testng.reporters.JUnitReportReporter -->
<testsuite hostname="Anish" failures="0" tests="3" name="TestNG.SkipTestcases" time="0.008" errors="0" timestamp="2024-10-05T05:36:50 IST" skipped="1">
  <testcase classname="TestNG.SkipTestcases" name="Search" time="0.003"/>
  <system-out/>
  <testcase classname="TestNG.SkipTestcases" name="Logout" time="0.005"/>
  <system-out/>
  <testcase classname="TestNG.SkipTestcases" name="Login">
    <skipped/>
  </testcase> <!-- Login -->
  <system-out/>
</testsuite> <!-- TestNG.SkipTestcases -->
